DesfireSDM/app/build/intermediates/manifest_merge_blame_file/debug/manifest-merger-blame-debug-report.txt
1<?xml version="1.0" encoding="utf-8"?>
2<manifest xmlns:android="http://schemas.android.com/apk/res/android"
3    package="com.example.desfiresdm"
4    android:versionCode="1"
5    android:versionName="1.0" >
6
7    <uses-sdk
8        android:minSdkVersion="21"
9        android:targetSdkVersion="33" />
10
11    <uses-permission android:name="android.permission.NFC" />
11-->src/main/AndroidManifest.xml:5:5-62
11-->src/main/AndroidManifest.xml:5:22-59
12
13    <uses-feature
13-->src/main/AndroidManifest.xml:6:5-81
14        android:name="android.hardware.nfc"
14-->src/main/AndroidManifest.xml:6:19-54
15        android:required="true" />
15-->src/main/AndroidManifest.xml:6:55-78
16
17    <uses-permission android:name="android.permission.INTERNET" />
17-->src/main/AndroidManifest.xml:7:5-67
17-->src/main/AndroidManifest.xml:7:22-64
18    <uses-permission android:name="android.permission.ACCESS_NETWORK_STATE" />
18-->src/main/AndroidManifest.xml:8:5-79
18-->src/main/AndroidManifest.xml:8:22-76
19
20    <permission
20-->[androidx.core:core:1.10.1] AndroidManifest.xml:22:5-24:47
21        android:name="com.example.desfiresdm.DYNAMIC_RECEIVER_NOT_EXPORTED_PERMISSION"
21-->[androidx.core:core:1.10.1] AndroidManifest.xml:23:9-81
22        android:protectionLevel="signature" />
22-->[androidx.core:core:1.10.1] AndroidManifest.xml:24:9-44
23
24    <uses-permission android:name="com.example.desfiresdm.DYNAMIC_RECEIVER_NOT_EXPORTED_PERMISSION" />
24-->[androidx.core:core:1.10.1] AndroidManifest.xml:26:5-97
24-->[androidx.core:core:1.10.1] AndroidManifest.xml:26:22-94
25
26    <application
26-->src/main/AndroidManifest.xml:10:5-35:19
27        android:allowBackup="true"
27-->src/main/AndroidManifest.xml:11:9-35
28        android:appComponentFactory="androidx.core.app.CoreComponentFactory"
28-->[androidx.core:core:1.10.1] AndroidManifest.xml:28:18-86
29        android:debuggable="true"
30        android:extractNativeLibs="true"
31        android:icon="@mipmap/ic_launcher"
31-->src/main/AndroidManifest.xml:12:9-43
32        android:label="@string/app_name"
32-->src/main/AndroidManifest.xml:13:9-41
33        android:roundIcon="@mipmap/ic_launcher_round"
33-->src/main/AndroidManifest.xml:14:9-54
34        android:supportsRtl="true"
34-->src/main/AndroidManifest.xml:15:9-35
35        android:theme="@style/Theme.DesfireSDM" >
35-->src/main/AndroidManifest.xml:16:9-48
36        <activity
36-->src/main/AndroidManifest.xml:19:9-33:20
37            android:name="com.example.desfiresdm.MainActivity"
37-->src/main/AndroidManifest.xml:20:13-41
38            android:exported="true"
38-->src/main/AndroidManifest.xml:21:13-36
39            android:launchMode="singleTop" >
39-->src/main/AndroidManifest.xml:22:13-43
40            <intent-filter>
40-->src/main/AndroidManifest.xml:23:13-26:29
41                <action android:name="android.intent.action.MAIN" />
41-->src/main/AndroidManifest.xml:24:17-69
41-->src/main/AndroidManifest.xml:24:25-66
42
43                <category android:name="android.intent.category.LAUNCHER" />
43-->src/main/AndroidManifest.xml:25:17-77
43-->src/main/AndroidManifest.xml:25:27-74
44            </intent-filter>
45            <intent-filter>
45-->src/main/AndroidManifest.xml:27:13-29:29
46                <action android:name="android.nfc.action.TECH_DISCOVERED" />
46-->src/main/AndroidManifest.xml:28:17-77
46-->src/main/AndroidManifest.xml:28:25-74
47            </intent-filter>
48
49            <meta-data
49-->src/main/AndroidManifest.xml:30:13-32:59
50                android:name="android.nfc.action.TECH_DISCOVERED"
50-->src/main/AndroidManifest.xml:31:17-66
51                android:resource="@xml/nfc_tech_filter" />
51-->src/main/AndroidManifest.xml:32:17-56
52        </activity>
53
54        <receiver
54-->[NxpNfcAndroidLib-release-protected.aar] AndroidManifest.xml:23:9-31:20
55            android:name="com.google.android.gms.analytics.AnalyticsReceiver"
55-->[NxpNfcAndroidLib-release-protected.aar] AndroidManifest.xml:24:13-78
56            android:enabled="true"
56-->[NxpNfcAndroidLib-release-protected.aar] AndroidManifest.xml:25:13-35
57            android:exported="true" >
57-->[NxpNfcAndroidLib-release-protected.aar] AndroidManifest.xml:26:13-36
58            <intent-filter>
58-->[NxpNfcAndroidLib-release-protected.aar] AndroidManifest.xml:28:13-30:29
59                <action android:name="com.google.android.gms.analytics.ANALYTICS_DISPATCH" />
59-->[NxpNfcAndroidLib-release-protected.aar] AndroidManifest.xml:29:17-94
59-->[NxpNfcAndroidLib-release-protected.aar] AndroidManifest.xml:29:25-91
60            </intent-filter>
61        </receiver>
62
63        <service
63-->[NxpNfcAndroidLib-release-protected.aar] AndroidManifest.xml:33:9-37:48
64            android:name="com.google.android.gms.analytics.AnalyticsService"
64-->[NxpNfcAndroidLib-release-protected.aar] AndroidManifest.xml:34:13-77
65            android:enabled="true"
65-->[NxpNfcAndroidLib-release-protected.aar] AndroidManifest.xml:35:13-35
66            android:exported="false" />
66-->[NxpNfcAndroidLib-release-protected.aar] AndroidManifest.xml:36:13-37
67        <!--
68             Optionally, register CampaignTrackingReceiver and CampaignTrackingService to enable
69             installation campaign reporting
70        -->
71        <receiver
71-->[NxpNfcAndroidLib-release-protected.aar] AndroidManifest.xml:43:9-49:20
72            android:name="com.google.android.gms.analytics.CampaignTrackingReceiver"
72-->[NxpNfcAndroidLib-release-protected.aar] AndroidManifest.xml:44:13-85
73            android:exported="true" >
73-->[NxpNfcAndroidLib-release-protected.aar] AndroidManifest.xml:45:13-36
74            <intent-filter>
74-->[NxpNfcAndroidLib-release-protected.aar] AndroidManifest.xml:46:13-48:29
75                <action android:name="com.android.vending.INSTALL_REFERRER" />
75-->[NxpNfcAndroidLib-release-protected.aar] AndroidManifest.xml:47:17-79
75-->[NxpNfcAndroidLib-release-protected.aar] AndroidManifest.xml:47:25-76
76            </intent-filter>
77        </receiver>
78
79        <service android:name="com.google.android.gms.analytics.CampaignTrackingService" />
79-->[NxpNfcAndroidLib-release-protected.aar] AndroidManifest.xml:51:9-92
79-->[NxpNfcAndroidLib-release-protected.aar] AndroidManifest.xml:51:18-89
80
81        <provider
81-->[androidx.emoji2:emoji2:1.2.0] AndroidManifest.xml:24:9-32:20
82            android:name="androidx.startup.InitializationProvider"
82-->[androidx.emoji2:emoji2:1.2.0] AndroidManifest.xml:25:13-67
83            android:authorities="com.example.desfiresdm.androidx-startup"
83-->[androidx.emoji2:emoji2:1.2.0] AndroidManifest.xml:26:13-68
84            android:exported="false" >
84-->[androidx.emoji2:emoji2:1.2.0] AndroidManifest.xml:27:13-37
85            <meta-data
85-->[androidx.emoji2:emoji2:1.2.0] AndroidManifest.xml:29:13-31:52
86                android:name="androidx.emoji2.text.EmojiCompatInitializer"
86-->[androidx.emoji2:emoji2:1.2.0] AndroidManifest.xml:30:17-75
87                android:value="androidx.startup" />
87-->[androidx.emoji2:emoji2:1.2.0] AndroidManifest.xml:31:17-49
88            <meta-data
88-->[androidx.lifecycle:lifecycle-process:2.4.1] AndroidManifest.xml:31:13-33:52
89                android:name="androidx.lifecycle.ProcessLifecycleInitializer"
89-->[androidx.lifecycle:lifecycle-process:2.4.1] AndroidManifest.xml:32:17-78
90                android:value="androidx.startup" />
90-->[androidx.lifecycle:lifecycle-process:2.4.1] AndroidManifest.xml:33:17-49
91        </provider>
92    </application>
93
94</manifest>